<?xml version="1.0" encoding="UTF-8"?>
<coverage generated="1747093306255" clover="3.2.0">
  <project timestamp="1747093306255" name="All files">
    <metrics statements="26" coveredstatements="26" conditionals="16" coveredconditionals="16" methods="9" coveredmethods="9" elements="51" coveredelements="51" complexity="0" loc="26" ncloc="26" packages="1" files="2" classes="2"/>
    <file name="GerenciadorImoveis.js" path="C:\Users\fernando_ecker\aulas-2025-1\provajest\avaliacao_pratica\classes\GerenciadorImoveis.js">
      <metrics statements="18" coveredstatements="18" conditionals="16" coveredconditionals="16" methods="8" coveredmethods="8"/>
      <line num="3" count="1" type="stmt"/>
      <line num="8" count="5" type="cond" truecount="4" falsecount="0"/>
      <line num="9" count="1" type="stmt"/>
      <line num="11" count="4" type="cond" truecount="4" falsecount="0"/>
      <line num="12" count="1" type="stmt"/>
      <line num="14" count="3" type="cond" truecount="4" falsecount="0"/>
      <line num="15" count="1" type="stmt"/>
      <line num="17" count="2" type="cond" truecount="4" falsecount="0"/>
      <line num="18" count="1" type="stmt"/>
      <line num="20" count="1" type="stmt"/>
      <line num="25" count="5" type="stmt"/>
      <line num="26" count="1" type="stmt"/>
      <line num="31" count="2" type="stmt"/>
      <line num="32" count="2" type="stmt"/>
      <line num="38" count="2" type="stmt"/>
      <line num="39" count="2" type="stmt"/>
      <line num="45" count="1" type="stmt"/>
      <line num="49" count="1" type="stmt"/>
    </file>
    <file name="Imovel.js" path="C:\Users\fernando_ecker\aulas-2025-1\provajest\avaliacao_pratica\classes\Imovel.js">
      <metrics statements="8" coveredstatements="8" conditionals="0" coveredconditionals="0" methods="1" coveredmethods="1"/>
      <line num="3" count="5" type="stmt"/>
      <line num="4" count="5" type="stmt"/>
      <line num="5" count="5" type="stmt"/>
      <line num="6" count="5" type="stmt"/>
      <line num="7" count="5" type="stmt"/>
      <line num="8" count="5" type="stmt"/>
      <line num="9" count="5" type="stmt"/>
      <line num="13" count="1" type="stmt"/>
    </file>
  </project>
</coverage>
