TN:
SF:classes\GerenciadorImoveis.js
FN:2,(anonymous_0)
FN:7,(anonymous_1)
FN:24,(anonymous_2)
FN:30,(anonymous_3)
FN:31,(anonymous_4)
FN:37,(anonymous_5)
FN:38,(anonymous_6)
FN:44,(anonymous_7)
FNF:8
FNH:8
FNDA:1,(anonymous_0)
FNDA:5,(anonymous_1)
FNDA:5,(anonymous_2)
FNDA:2,(anonymous_3)
FNDA:2,(anonymous_4)
FNDA:2,(anonymous_5)
FNDA:2,(anonymous_6)
FNDA:1,(anonymous_7)
DA:3,1
DA:8,5
DA:9,1
DA:11,4
DA:12,1
DA:14,3
DA:15,1
DA:17,2
DA:18,1
DA:20,1
DA:25,5
DA:26,1
DA:31,2
DA:32,2
DA:38,2
DA:39,2
DA:45,1
DA:49,1
LF:18
LH:18
BRDA:8,0,0,1
BRDA:8,0,1,4
BRDA:8,1,0,5
BRDA:8,1,1,4
BRDA:11,2,0,1
BRDA:11,2,1,3
BRDA:11,3,0,4
BRDA:11,3,1,3
BRDA:14,4,0,1
BRDA:14,4,1,2
BRDA:14,5,0,3
BRDA:14,5,1,2
BRDA:17,6,0,1
BRDA:17,6,1,1
BRDA:17,7,0,2
BRDA:17,7,1,1
BRF:16
BRH:16
end_of_record
TN:
SF:classes\Imovel.js
FN:2,(anonymous_0)
FNF:1
FNH:1
FNDA:5,(anonymous_0)
DA:3,5
DA:4,5
DA:5,5
DA:6,5
DA:7,5
DA:8,5
DA:9,5
DA:13,1
LF:8
LH:8
BRF:0
BRH:0
end_of_record
