{"C:\\Users\\Professor.SN-358647\\Downloads\\Arquivos\\testes_integracao_jest\\pedido_service_jest\\classes\\NotificacaoService.js": {"path":"C:\\Users\\Professor.SN-358647\\Downloads\\Arquivos\\testes_integracao_jest\\pedido_service_jest\\classes\\NotificacaoService.js","statementMap":{"0":{"start":{"line":4,"column":8},"end":{"line":4,"column":83}},"1":{"start":{"line":5,"column":8},"end":{"line":5,"column":84}},"2":{"start":{"line":6,"column":8},"end":{"line":6,"column":20}},"3":{"start":{"line":10,"column":0},"end":{"line":10,"column":36}}},"fnMap":{"0":{"name":"(anonymous_0)","decl":{"start":{"line":3,"column":4},"end":{"line":3,"column":5}},"loc":{"start":{"line":3,"column":30},"end":{"line":7,"column":5}},"line":3}},"branchMap":{},"s":{"0":1,"1":1,"2":1,"3":1},"f":{"0":1},"b":{},"_coverageSchema":"1a1c01bbd47fc00a2c39e90264f33305004495a9","hash":"a7a4f7202bc62049059ec5717faacd46f20f3ac0"}
,"C:\\Users\\Professor.SN-358647\\Downloads\\Arquivos\\testes_integracao_jest\\pedido_service_jest\\classes\\PagamentoService.js": {"path":"C:\\Users\\Professor.SN-358647\\Downloads\\Arquivos\\testes_integracao_jest\\pedido_service_jest\\classes\\PagamentoService.js","statementMap":{"0":{"start":{"line":3,"column":8},"end":{"line":3,"column":65}},"1":{"start":{"line":5,"column":8},"end":{"line":8,"column":9}},"2":{"start":{"line":6,"column":12},"end":{"line":6,"column":72}},"3":{"start":{"line":7,"column":12},"end":{"line":7,"column":24}},"4":{"start":{"line":9,"column":8},"end":{"line":9,"column":69}},"5":{"start":{"line":10,"column":8},"end":{"line":10,"column":21}},"6":{"start":{"line":14,"column":0},"end":{"line":14,"column":34}}},"fnMap":{"0":{"name":"(anonymous_0)","decl":{"start":{"line":2,"column":4},"end":{"line":2,"column":5}},"loc":{"start":{"line":2,"column":31},"end":{"line":11,"column":5}},"line":2}},"branchMap":{"0":{"loc":{"start":{"line":5,"column":8},"end":{"line":8,"column":9}},"type":"if","locations":[{"start":{"line":5,"column":8},"end":{"line":8,"column":9}},{"start":{},"end":{}}],"line":5}},"s":{"0":0,"1":0,"2":0,"3":0,"4":0,"5":0,"6":1},"f":{"0":0},"b":{"0":[0,0]},"_coverageSchema":"1a1c01bbd47fc00a2c39e90264f33305004495a9","hash":"08e17f40a7e630e34a3899b38256b79f9373e5e3"}
,"C:\\Users\\Professor.SN-358647\\Downloads\\Arquivos\\testes_integracao_jest\\pedido_service_jest\\classes\\PedidoService.js": {"path":"C:\\Users\\Professor.SN-358647\\Downloads\\Arquivos\\testes_integracao_jest\\pedido_service_jest\\classes\\PedidoService.js","statementMap":{"0":{"start":{"line":1,"column":25},"end":{"line":1,"column":54}},"1":{"start":{"line":2,"column":27},"end":{"line":2,"column":58}},"2":{"start":{"line":6,"column":8},"end":{"line":6,"column":49}},"3":{"start":{"line":7,"column":8},"end":{"line":7,"column":53}},"4":{"start":{"line":11,"column":8},"end":{"line":11,"column":64}},"5":{"start":{"line":14,"column":32},"end":{"line":14,"column":80}},"6":{"start":{"line":17,"column":8},"end":{"line":23,"column":9}},"7":{"start":{"line":18,"column":12},"end":{"line":18,"column":68}},"8":{"start":{"line":19,"column":12},"end":{"line":19,"column":62}},"9":{"start":{"line":20,"column":12},"end":{"line":20,"column":24}},"10":{"start":{"line":22,"column":12},"end":{"line":22,"column":89}},"11":{"start":{"line":27,"column":0},"end":{"line":27,"column":31}}},"fnMap":{"0":{"name":"(anonymous_0)","decl":{"start":{"line":5,"column":4},"end":{"line":5,"column":5}},"loc":{"start":{"line":5,"column":54},"end":{"line":8,"column":5}},"line":5},"1":{"name":"(anonymous_1)","decl":{"start":{"line":10,"column":4},"end":{"line":10,"column":5}},"loc":{"start":{"line":10,"column":25},"end":{"line":24,"column":5}},"line":10}},"branchMap":{"0":{"loc":{"start":{"line":17,"column":8},"end":{"line":23,"column":9}},"type":"if","locations":[{"start":{"line":17,"column":8},"end":{"line":23,"column":9}},{"start":{"line":21,"column":15},"end":{"line":23,"column":9}}],"line":17}},"s":{"0":1,"1":1,"2":2,"3":2,"4":2,"5":2,"6":2,"7":1,"8":1,"9":1,"10":1,"11":1},"f":{"0":2,"1":2},"b":{"0":[1,1]},"_coverageSchema":"1a1c01bbd47fc00a2c39e90264f33305004495a9","hash":"10020ca3567db516c7b2d7981faf6f487976de6a"}
}
