<?xml version="1.0" encoding="UTF-8"?>
<coverage generated="1743463270800" clover="3.2.0">
  <project timestamp="1743463270800" name="All files">
    <metrics statements="19" coveredstatements="13" conditionals="8" coveredconditionals="5" methods="7" coveredmethods="4" elements="34" coveredelements="22" complexity="0" loc="19" ncloc="19" packages="1" files="1" classes="1"/>
    <file name="ContaCorrente.js" path="C:\Users\fernando_ecker\aulas-2025-1\jest\conta_corrente_jest\classes\ContaCorrente.js">
      <metrics statements="19" coveredstatements="13" conditionals="8" coveredconditionals="5" methods="7" coveredmethods="4"/>
      <line num="6" count="12" type="stmt"/>
      <line num="7" count="12" type="stmt"/>
      <line num="11" count="0" type="stmt"/>
      <line num="15" count="0" type="stmt"/>
      <line num="19" count="6" type="stmt"/>
      <line num="23" count="0" type="cond" truecount="0" falsecount="2"/>
      <line num="24" count="0" type="stmt"/>
      <line num="26" count="0" type="stmt"/>
      <line num="31" count="1" type="cond" truecount="1" falsecount="1"/>
      <line num="32" count="1" type="stmt"/>
      <line num="33" count="1" type="stmt"/>
      <line num="35" count="0" type="stmt"/>
      <line num="40" count="3" type="cond" truecount="4" falsecount="0"/>
      <line num="41" count="2" type="stmt"/>
      <line num="42" count="2" type="stmt"/>
      <line num="43" count="2" type="stmt"/>
      <line num="45" count="1" type="stmt"/>
      <line num="46" count="1" type="stmt"/>
      <line num="51" count="1" type="stmt"/>
    </file>
  </project>
</coverage>
