{"C:\\Users\\fernando_ecker\\aulas-2025-1\\jest\\conta_corrente_jest\\classes\\ContaCorrente.js": {"path":"C:\\Users\\fernando_ecker\\aulas-2025-1\\jest\\conta_corrente_jest\\classes\\ContaCorrente.js","statementMap":{"0":{"start":{"line":6,"column":8},"end":{"line":6,"column":26}},"1":{"start":{"line":7,"column":8},"end":{"line":7,"column":39}},"2":{"start":{"line":11,"column":8},"end":{"line":11,"column":26}},"3":{"start":{"line":15,"column":8},"end":{"line":15,"column":30}},"4":{"start":{"line":19,"column":8},"end":{"line":19,"column":29}},"5":{"start":{"line":23,"column":8},"end":{"line":27,"column":9}},"6":{"start":{"line":24,"column":12},"end":{"line":24,"column":40}},"7":{"start":{"line":26,"column":12},"end":{"line":26,"column":58}},"8":{"start":{"line":31,"column":8},"end":{"line":36,"column":9}},"9":{"start":{"line":32,"column":12},"end":{"line":32,"column":35}},"10":{"start":{"line":33,"column":12},"end":{"line":33,"column":92}},"11":{"start":{"line":35,"column":12},"end":{"line":35,"column":66}},"12":{"start":{"line":40,"column":8},"end":{"line":47,"column":9}},"13":{"start":{"line":41,"column":12},"end":{"line":41,"column":35}},"14":{"start":{"line":42,"column":12},"end":{"line":42,"column":89}},"15":{"start":{"line":43,"column":12},"end":{"line":43,"column":24}},"16":{"start":{"line":45,"column":12},"end":{"line":45,"column":73}},"17":{"start":{"line":46,"column":12},"end":{"line":46,"column":25}},"18":{"start":{"line":51,"column":0},"end":{"line":51,"column":31}}},"fnMap":{"0":{"name":"(anonymous_0)","decl":{"start":{"line":5,"column":4},"end":{"line":5,"column":5}},"loc":{"start":{"line":5,"column":38},"end":{"line":8,"column":5}},"line":5},"1":{"name":"(anonymous_1)","decl":{"start":{"line":10,"column":4},"end":{"line":10,"column":5}},"loc":{"start":{"line":10,"column":15},"end":{"line":12,"column":5}},"line":10},"2":{"name":"(anonymous_2)","decl":{"start":{"line":14,"column":4},"end":{"line":14,"column":5}},"loc":{"start":{"line":14,"column":23},"end":{"line":16,"column":5}},"line":14},"3":{"name":"(anonymous_3)","decl":{"start":{"line":18,"column":4},"end":{"line":18,"column":5}},"loc":{"start":{"line":18,"column":18},"end":{"line":20,"column":5}},"line":18},"4":{"name":"(anonymous_4)","decl":{"start":{"line":22,"column":4},"end":{"line":22,"column":5}},"loc":{"start":{"line":22,"column":29},"end":{"line":28,"column":5}},"line":22},"5":{"name":"(anonymous_5)","decl":{"start":{"line":30,"column":4},"end":{"line":30,"column":5}},"loc":{"start":{"line":30,"column":21},"end":{"line":37,"column":5}},"line":30},"6":{"name":"(anonymous_6)","decl":{"start":{"line":39,"column":4},"end":{"line":39,"column":5}},"loc":{"start":{"line":39,"column":17},"end":{"line":48,"column":5}},"line":39}},"branchMap":{"0":{"loc":{"start":{"line":23,"column":8},"end":{"line":27,"column":9}},"type":"if","locations":[{"start":{"line":23,"column":8},"end":{"line":27,"column":9}},{"start":{"line":25,"column":15},"end":{"line":27,"column":9}}],"line":23},"1":{"loc":{"start":{"line":31,"column":8},"end":{"line":36,"column":9}},"type":"if","locations":[{"start":{"line":31,"column":8},"end":{"line":36,"column":9}},{"start":{"line":34,"column":15},"end":{"line":36,"column":9}}],"line":31},"2":{"loc":{"start":{"line":40,"column":8},"end":{"line":47,"column":9}},"type":"if","locations":[{"start":{"line":40,"column":8},"end":{"line":47,"column":9}},{"start":{"line":44,"column":15},"end":{"line":47,"column":9}}],"line":40},"3":{"loc":{"start":{"line":40,"column":12},"end":{"line":40,"column":47}},"type":"binary-expr","locations":[{"start":{"line":40,"column":12},"end":{"line":40,"column":21}},{"start":{"line":40,"column":25},"end":{"line":40,"column":47}}],"line":40}},"s":{"0":12,"1":12,"2":0,"3":0,"4":6,"5":0,"6":0,"7":0,"8":1,"9":1,"10":1,"11":0,"12":3,"13":2,"14":2,"15":2,"16":1,"17":1,"18":1},"f":{"0":12,"1":0,"2":0,"3":6,"4":0,"5":1,"6":3},"b":{"0":[0,0],"1":[1,0],"2":[2,1],"3":[3,3]},"_coverageSchema":"1a1c01bbd47fc00a2c39e90264f33305004495a9","hash":"f9e62b7627cbbdec16b2f5502824e09935352e6d"}
}
