TN:
SF:classes\ContaCorrente.js
FN:5,(anonymous_0)
FN:10,(anonymous_1)
FN:14,(anonymous_2)
FN:18,(anonymous_3)
FN:22,(anonymous_4)
FN:30,(anonymous_5)
FN:39,(anonymous_6)
FNF:7
FNH:4
FNDA:12,(anonymous_0)
FNDA:0,(anonymous_1)
FNDA:0,(anonymous_2)
FNDA:6,(anonymous_3)
FNDA:0,(anonymous_4)
FNDA:1,(anonymous_5)
FNDA:3,(anonymous_6)
DA:6,12
DA:7,12
DA:11,0
DA:15,0
DA:19,6
DA:23,0
DA:24,0
DA:26,0
DA:31,1
DA:32,1
DA:33,1
DA:35,0
DA:40,3
DA:41,2
DA:42,2
DA:43,2
DA:45,1
DA:46,1
DA:51,1
LF:19
LH:13
BRDA:23,0,0,0
BRDA:23,0,1,0
BRDA:31,1,0,1
BRDA:31,1,1,0
BRDA:40,2,0,2
BRDA:40,2,1,1
BRDA:40,3,0,3
BRDA:40,3,1,3
BRF:8
BRH:5
end_of_record
