{"C:\\Users\\fernando_ecker\\aulas-2025-1\\provajest\\avaliacao_pratica_mock\\classes\\GerenciadorImoveis.js": {"path":"C:\\Users\\fernando_ecker\\aulas-2025-1\\provajest\\avaliacao_pratica_mock\\classes\\GerenciadorImoveis.js","statementMap":{"0":{"start":{"line":1,"column":14},"end":{"line":1,"column":90}},"1":{"start":{"line":1,"column":27},"end":{"line":1,"column":90}},"2":{"start":{"line":1,"column":75},"end":{"line":1,"column":89}},"3":{"start":{"line":2,"column":23},"end":{"line":2,"column":38}},"4":{"start":{"line":6,"column":8},"end":{"line":6,"column":26}},"5":{"start":{"line":10,"column":8},"end":{"line":10,"column":35}},"6":{"start":{"line":13,"column":25},"end":{"line":13,"column":62}},"7":{"start":{"line":14,"column":8},"end":{"line":16,"column":9}},"8":{"start":{"line":15,"column":12},"end":{"line":15,"column":77}},"9":{"start":{"line":18,"column":8},"end":{"line":18,"column":111}},"10":{"start":{"line":20,"column":8},"end":{"line":20,"column":34}},"11":{"start":{"line":23,"column":8},"end":{"line":23,"column":118}},"12":{"start":{"line":25,"column":8},"end":{"line":25,"column":22}},"13":{"start":{"line":29,"column":8},"end":{"line":31,"column":9}},"14":{"start":{"line":30,"column":12},"end":{"line":30,"column":45}},"15":{"start":{"line":32,"column":8},"end":{"line":34,"column":9}},"16":{"start":{"line":33,"column":12},"end":{"line":33,"column":48}},"17":{"start":{"line":35,"column":8},"end":{"line":37,"column":9}},"18":{"start":{"line":36,"column":12},"end":{"line":36,"column":47}},"19":{"start":{"line":38,"column":8},"end":{"line":40,"column":9}},"20":{"start":{"line":39,"column":12},"end":{"line":39,"column":48}},"21":{"start":{"line":44,"column":20},"end":{"line":44,"column":59}},"22":{"start":{"line":46,"column":8},"end":{"line":58,"column":15}},"23":{"start":{"line":47,"column":30},"end":{"line":47,"column":45}},"24":{"start":{"line":49,"column":16},"end":{"line":52,"column":17}},"25":{"start":{"line":50,"column":20},"end":{"line":50,"column":68}},"26":{"start":{"line":51,"column":20},"end":{"line":51,"column":32}},"27":{"start":{"line":53,"column":16},"end":{"line":53,"column":28}},"28":{"start":{"line":56,"column":16},"end":{"line":56,"column":73}},"29":{"start":{"line":57,"column":16},"end":{"line":57,"column":28}},"30":{"start":{"line":62,"column":20},"end":{"line":62,"column":57}},"31":{"start":{"line":64,"column":24},"end":{"line":70,"column":9}},"32":{"start":{"line":72,"column":8},"end":{"line":94,"column":15}},"33":{"start":{"line":81,"column":16},"end":{"line":86,"column":17}},"34":{"start":{"line":82,"column":20},"end":{"line":85,"column":23}},"35":{"start":{"line":83,"column":24},"end":{"line":83,"column":75}},"36":{"start":{"line":84,"column":24},"end":{"line":84,"column":72}},"37":{"start":{"line":87,"column":16},"end":{"line":87,"column":39}},"38":{"start":{"line":90,"column":16},"end":{"line":90,"column":70}},"39":{"start":{"line":93,"column":16},"end":{"line":93,"column":54}},"40":{"start":{"line":98,"column":8},"end":{"line":100,"column":10}},"41":{"start":{"line":99,"column":12},"end":{"line":99,"column":64}},"42":{"start":{"line":104,"column":8},"end":{"line":106,"column":10}},"43":{"start":{"line":105,"column":12},"end":{"line":105,"column":56}},"44":{"start":{"line":110,"column":0},"end":{"line":110,"column":36}}},"fnMap":{"0":{"name":"(anonymous_0)","decl":{"start":{"line":1,"column":14},"end":{"line":1,"column":15}},"loc":{"start":{"line":1,"column":27},"end":{"line":1,"column":90}},"line":1},"1":{"name":"(anonymous_1)","decl":{"start":{"line":1,"column":53},"end":{"line":1,"column":54}},"loc":{"start":{"line":1,"column":75},"end":{"line":1,"column":89}},"line":1},"2":{"name":"(anonymous_2)","decl":{"start":{"line":5,"column":4},"end":{"line":5,"column":5}},"loc":{"start":{"line":5,"column":18},"end":{"line":7,"column":5}},"line":5},"3":{"name":"(anonymous_3)","decl":{"start":{"line":9,"column":4},"end":{"line":9,"column":5}},"loc":{"start":{"line":9,"column":28},"end":{"line":26,"column":5}},"line":9},"4":{"name":"(anonymous_4)","decl":{"start":{"line":28,"column":4},"end":{"line":28,"column":5}},"loc":{"start":{"line":28,"column":26},"end":{"line":41,"column":5}},"line":28},"5":{"name":"(anonymous_5)","decl":{"start":{"line":43,"column":4},"end":{"line":43,"column":5}},"loc":{"start":{"line":43,"column":30},"end":{"line":59,"column":5}},"line":43},"6":{"name":"(anonymous_6)","decl":{"start":{"line":47,"column":18},"end":{"line":47,"column":19}},"loc":{"start":{"line":47,"column":30},"end":{"line":47,"column":45}},"line":47},"7":{"name":"(anonymous_7)","decl":{"start":{"line":48,"column":18},"end":{"line":48,"column":19}},"loc":{"start":{"line":48,"column":26},"end":{"line":54,"column":13}},"line":48},"8":{"name":"(anonymous_8)","decl":{"start":{"line":55,"column":19},"end":{"line":55,"column":20}},"loc":{"start":{"line":55,"column":28},"end":{"line":58,"column":13}},"line":55},"9":{"name":"(anonymous_9)","decl":{"start":{"line":61,"column":4},"end":{"line":61,"column":5}},"loc":{"start":{"line":61,"column":58},"end":{"line":95,"column":5}},"line":61},"10":{"name":"(anonymous_10)","decl":{"start":{"line":80,"column":18},"end":{"line":80,"column":19}},"loc":{"start":{"line":80,"column":30},"end":{"line":88,"column":13}},"line":80},"11":{"name":"(anonymous_11)","decl":{"start":{"line":82,"column":48},"end":{"line":82,"column":49}},"loc":{"start":{"line":82,"column":56},"end":{"line":85,"column":21}},"line":82},"12":{"name":"(anonymous_12)","decl":{"start":{"line":89,"column":18},"end":{"line":89,"column":19}},"loc":{"start":{"line":89,"column":26},"end":{"line":91,"column":13}},"line":89},"13":{"name":"(anonymous_13)","decl":{"start":{"line":92,"column":19},"end":{"line":92,"column":20}},"loc":{"start":{"line":92,"column":28},"end":{"line":94,"column":13}},"line":92},"14":{"name":"(anonymous_14)","decl":{"start":{"line":97,"column":4},"end":{"line":97,"column":5}},"loc":{"start":{"line":97,"column":35},"end":{"line":101,"column":5}},"line":97},"15":{"name":"(anonymous_15)","decl":{"start":{"line":98,"column":35},"end":{"line":98,"column":36}},"loc":{"start":{"line":99,"column":12},"end":{"line":99,"column":64}},"line":99},"16":{"name":"(anonymous_16)","decl":{"start":{"line":103,"column":4},"end":{"line":103,"column":5}},"loc":{"start":{"line":103,"column":31},"end":{"line":107,"column":5}},"line":103},"17":{"name":"(anonymous_17)","decl":{"start":{"line":104,"column":35},"end":{"line":104,"column":36}},"loc":{"start":{"line":105,"column":12},"end":{"line":105,"column":56}},"line":105}},"branchMap":{"0":{"loc":{"start":{"line":14,"column":8},"end":{"line":16,"column":9}},"type":"if","locations":[{"start":{"line":14,"column":8},"end":{"line":16,"column":9}},{"start":{},"end":{}}],"line":14},"1":{"loc":{"start":{"line":29,"column":8},"end":{"line":31,"column":9}},"type":"if","locations":[{"start":{"line":29,"column":8},"end":{"line":31,"column":9}},{"start":{},"end":{}}],"line":29},"2":{"loc":{"start":{"line":29,"column":12},"end":{"line":29,"column":57}},"type":"binary-expr","locations":[{"start":{"line":29,"column":12},"end":{"line":29,"column":23}},{"start":{"line":29,"column":27},"end":{"line":29,"column":57}}],"line":29},"3":{"loc":{"start":{"line":32,"column":8},"end":{"line":34,"column":9}},"type":"if","locations":[{"start":{"line":32,"column":8},"end":{"line":34,"column":9}},{"start":{},"end":{}}],"line":32},"4":{"loc":{"start":{"line":32,"column":12},"end":{"line":32,"column":63}},"type":"binary-expr","locations":[{"start":{"line":32,"column":12},"end":{"line":32,"column":26}},{"start":{"line":32,"column":30},"end":{"line":32,"column":63}}],"line":32},"5":{"loc":{"start":{"line":35,"column":8},"end":{"line":37,"column":9}},"type":"if","locations":[{"start":{"line":35,"column":8},"end":{"line":37,"column":9}},{"start":{},"end":{}}],"line":35},"6":{"loc":{"start":{"line":35,"column":12},"end":{"line":35,"column":65}},"type":"binary-expr","locations":[{"start":{"line":35,"column":12},"end":{"line":35,"column":44}},{"start":{"line":35,"column":48},"end":{"line":35,"column":65}}],"line":35},"7":{"loc":{"start":{"line":38,"column":8},"end":{"line":40,"column":9}},"type":"if","locations":[{"start":{"line":38,"column":8},"end":{"line":40,"column":9}},{"start":{},"end":{}}],"line":38},"8":{"loc":{"start":{"line":38,"column":12},"end":{"line":38,"column":78}},"type":"binary-expr","locations":[{"start":{"line":38,"column":12},"end":{"line":38,"column":42}},{"start":{"line":38,"column":46},"end":{"line":38,"column":78}}],"line":38},"9":{"loc":{"start":{"line":49,"column":16},"end":{"line":52,"column":17}},"type":"if","locations":[{"start":{"line":49,"column":16},"end":{"line":52,"column":17}},{"start":{},"end":{}}],"line":49},"10":{"loc":{"start":{"line":81,"column":16},"end":{"line":86,"column":17}},"type":"if","locations":[{"start":{"line":81,"column":16},"end":{"line":86,"column":17}},{"start":{},"end":{}}],"line":81}},"s":{"0":1,"1":1,"2":0,"3":1,"4":1,"5":3,"6":3,"7":2,"8":1,"9":1,"10":1,"11":1,"12":1,"13":3,"14":0,"15":3,"16":0,"17":3,"18":0,"19":3,"20":0,"21":0,"22":0,"23":0,"24":0,"25":0,"26":0,"27":0,"28":0,"29":0,"30":1,"31":1,"32":1,"33":0,"34":0,"35":0,"36":0,"37":0,"38":0,"39":1,"40":0,"41":0,"42":3,"43":3,"44":1},"f":{"0":1,"1":0,"2":1,"3":3,"4":3,"5":0,"6":0,"7":0,"8":0,"9":1,"10":0,"11":0,"12":0,"13":1,"14":0,"15":0,"16":3,"17":3},"b":{"0":[1,1],"1":[0,3],"2":[3,3],"3":[0,3],"4":[3,3],"5":[0,3],"6":[3,3],"7":[0,3],"8":[3,0],"9":[0,0],"10":[0,0]},"_coverageSchema":"1a1c01bbd47fc00a2c39e90264f33305004495a9","hash":"11e9805002eb4d2c2cafcda63cbaeb680975fedc"}
,"C:\\Users\\fernando_ecker\\aulas-2025-1\\provajest\\avaliacao_pratica_mock\\classes\\Imovel.js": {"path":"C:\\Users\\fernando_ecker\\aulas-2025-1\\provajest\\avaliacao_pratica_mock\\classes\\Imovel.js","statementMap":{"0":{"start":{"line":3,"column":8},"end":{"line":3,"column":21}},"1":{"start":{"line":4,"column":8},"end":{"line":4,"column":23}},"2":{"start":{"line":5,"column":8},"end":{"line":5,"column":33}},"3":{"start":{"line":6,"column":8},"end":{"line":6,"column":29}},"4":{"start":{"line":7,"column":8},"end":{"line":7,"column":27}},"5":{"start":{"line":8,"column":8},"end":{"line":8,"column":29}},"6":{"start":{"line":9,"column":8},"end":{"line":9,"column":45}},"7":{"start":{"line":13,"column":0},"end":{"line":13,"column":24}}},"fnMap":{"0":{"name":"(anonymous_0)","decl":{"start":{"line":2,"column":4},"end":{"line":2,"column":5}},"loc":{"start":{"line":2,"column":74},"end":{"line":10,"column":5}},"line":2}},"branchMap":{},"s":{"0":1,"1":1,"2":1,"3":1,"4":1,"5":1,"6":1,"7":1},"f":{"0":1},"b":{},"_coverageSchema":"1a1c01bbd47fc00a2c39e90264f33305004495a9","hash":"65bbba2eb71b6b8a07a183018509969dc124e587"}
}
