{"C:\\Users\\fernando_ecker\\aulas-2025-1\\jest\\address_service_jest\\models\\Address.js": {"path":"C:\\Users\\fernando_ecker\\aulas-2025-1\\jest\\address_service_jest\\models\\Address.js","statementMap":{"0":{"start":{"line":3,"column":8},"end":{"line":3,"column":23}},"1":{"start":{"line":4,"column":8},"end":{"line":4,"column":23}},"2":{"start":{"line":5,"column":8},"end":{"line":5,"column":29}},"3":{"start":{"line":6,"column":8},"end":{"line":6,"column":29}},"4":{"start":{"line":7,"column":8},"end":{"line":7,"column":29}}},"fnMap":{"0":{"name":"(anonymous_0)","decl":{"start":{"line":2,"column":4},"end":{"line":2,"column":5}},"loc":{"start":{"line":2,"column":50},"end":{"line":8,"column":5}},"line":2}},"branchMap":{},"s":{"0":0,"1":0,"2":0,"3":0,"4":0},"f":{"0":0},"b":{},"_coverageSchema":"1a1c01bbd47fc00a2c39e90264f33305004495a9","hash":"9c7da0e2281d68028954a5858bde08b25be19f84"}
,"C:\\Users\\fernando_ecker\\aulas-2025-1\\jest\\address_service_jest\\services\\AddressProvider.js": {"path":"C:\\Users\\fernando_ecker\\aulas-2025-1\\jest\\address_service_jest\\services\\AddressProvider.js","statementMap":{"0":{"start":{"line":1,"column":14},"end":{"line":1,"column":30}},"1":{"start":{"line":2,"column":16},"end":{"line":2,"column":44}},"2":{"start":{"line":6,"column":8},"end":{"line":36,"column":11}},"3":{"start":{"line":7,"column":24},"end":{"line":7,"column":63}},"4":{"start":{"line":9,"column":12},"end":{"line":35,"column":15}},"5":{"start":{"line":10,"column":27},"end":{"line":10,"column":29}},"6":{"start":{"line":13,"column":16},"end":{"line":15,"column":19}},"7":{"start":{"line":14,"column":20},"end":{"line":14,"column":34}},"8":{"start":{"line":18,"column":16},"end":{"line":32,"column":19}},"9":{"start":{"line":19,"column":37},"end":{"line":19,"column":53}},"10":{"start":{"line":21,"column":20},"end":{"line":31,"column":21}},"11":{"start":{"line":22,"column":24},"end":{"line":22,"column":65}},"12":{"start":{"line":24,"column":24},"end":{"line":30,"column":27}},"13":{"start":{"line":34,"column":16},"end":{"line":34,"column":62}},"14":{"start":{"line":40,"column":0},"end":{"line":40,"column":34}}},"fnMap":{"0":{"name":"(anonymous_0)","decl":{"start":{"line":5,"column":4},"end":{"line":5,"column":5}},"loc":{"start":{"line":5,"column":30},"end":{"line":37,"column":5}},"line":5},"1":{"name":"(anonymous_1)","decl":{"start":{"line":6,"column":27},"end":{"line":6,"column":28}},"loc":{"start":{"line":6,"column":48},"end":{"line":36,"column":9}},"line":6},"2":{"name":"(anonymous_2)","decl":{"start":{"line":9,"column":27},"end":{"line":9,"column":28}},"loc":{"start":{"line":9,"column":36},"end":{"line":33,"column":13}},"line":9},"3":{"name":"(anonymous_3)","decl":{"start":{"line":13,"column":31},"end":{"line":13,"column":32}},"loc":{"start":{"line":13,"column":42},"end":{"line":15,"column":17}},"line":13},"4":{"name":"(anonymous_4)","decl":{"start":{"line":18,"column":30},"end":{"line":18,"column":31}},"loc":{"start":{"line":18,"column":36},"end":{"line":32,"column":17}},"line":18},"5":{"name":"(anonymous_5)","decl":{"start":{"line":33,"column":27},"end":{"line":33,"column":28}},"loc":{"start":{"line":33,"column":38},"end":{"line":35,"column":13}},"line":33}},"branchMap":{"0":{"loc":{"start":{"line":21,"column":20},"end":{"line":31,"column":21}},"type":"if","locations":[{"start":{"line":21,"column":20},"end":{"line":31,"column":21}},{"start":{"line":23,"column":27},"end":{"line":31,"column":21}}],"line":21}},"s":{"0":1,"1":1,"2":0,"3":0,"4":0,"5":0,"6":0,"7":0,"8":0,"9":0,"10":0,"11":0,"12":0,"13":0,"14":1},"f":{"0":0,"1":0,"2":0,"3":0,"4":0,"5":0},"b":{"0":[0,0]},"_coverageSchema":"1a1c01bbd47fc00a2c39e90264f33305004495a9","hash":"16327b666a33d79d8c8ae6990c51608fc12745ac"}
,"C:\\Users\\fernando_ecker\\aulas-2025-1\\jest\\address_service_jest\\services\\AddressService.js": {"path":"C:\\Users\\fernando_ecker\\aulas-2025-1\\jest\\address_service_jest\\services\\AddressService.js","statementMap":{"0":{"start":{"line":1,"column":24},"end":{"line":1,"column":52}},"1":{"start":{"line":5,"column":8},"end":{"line":5,"column":40}},"2":{"start":{"line":9,"column":8},"end":{"line":11,"column":9}},"3":{"start":{"line":10,"column":12},"end":{"line":10,"column":78}},"4":{"start":{"line":13,"column":8},"end":{"line":13,"column":55}},"5":{"start":{"line":17,"column":0},"end":{"line":17,"column":32}}},"fnMap":{"0":{"name":"(anonymous_0)","decl":{"start":{"line":4,"column":4},"end":{"line":4,"column":5}},"loc":{"start":{"line":4,"column":33},"end":{"line":6,"column":5}},"line":4},"1":{"name":"(anonymous_1)","decl":{"start":{"line":8,"column":4},"end":{"line":8,"column":5}},"loc":{"start":{"line":8,"column":23},"end":{"line":14,"column":5}},"line":8}},"branchMap":{"0":{"loc":{"start":{"line":9,"column":8},"end":{"line":11,"column":9}},"type":"if","locations":[{"start":{"line":9,"column":8},"end":{"line":11,"column":9}},{"start":{},"end":{}}],"line":9}},"s":{"0":1,"1":4,"2":4,"3":1,"4":3,"5":1},"f":{"0":4,"1":4},"b":{"0":[1,3]},"_coverageSchema":"1a1c01bbd47fc00a2c39e90264f33305004495a9","hash":"34d3739c466bb621e9168b9ad8cf6bf50410511e"}
}
