{"C:\\Users\\fernando_ecker\\aulas-2025-1\\jest\\usuario_jest\\classes\\Usuario.js": {"path":"C:\\Users\\fernando_ecker\\aulas-2025-1\\jest\\usuario_jest\\classes\\Usuario.js","statementMap":{"0":{"start":{"line":3,"column":8},"end":{"line":3,"column":33}},"1":{"start":{"line":4,"column":8},"end":{"line":4,"column":25}},"2":{"start":{"line":5,"column":8},"end":{"line":5,"column":27}},"3":{"start":{"line":6,"column":8},"end":{"line":6,"column":33}},"4":{"start":{"line":7,"column":8},"end":{"line":7,"column":47}},"5":{"start":{"line":8,"column":8},"end":{"line":8,"column":23}},"6":{"start":{"line":9,"column":8},"end":{"line":9,"column":24}},"7":{"start":{"line":13,"column":8},"end":{"line":15,"column":9}},"8":{"start":{"line":14,"column":12},"end":{"line":14,"column":65}},"9":{"start":{"line":17,"column":8},"end":{"line":19,"column":9}},"10":{"start":{"line":18,"column":12},"end":{"line":18,"column":48}},"11":{"start":{"line":21,"column":8},"end":{"line":23,"column":9}},"12":{"start":{"line":22,"column":12},"end":{"line":22,"column":45}},"13":{"start":{"line":25,"column":8},"end":{"line":27,"column":9}},"14":{"start":{"line":26,"column":12},"end":{"line":26,"column":73}},"15":{"start":{"line":29,"column":8},"end":{"line":31,"column":9}},"16":{"start":{"line":30,"column":12},"end":{"line":30,"column":73}},"17":{"start":{"line":33,"column":8},"end":{"line":35,"column":9}},"18":{"start":{"line":34,"column":12},"end":{"line":34,"column":56}},"19":{"start":{"line":39,"column":22},"end":{"line":39,"column":50}},"20":{"start":{"line":40,"column":8},"end":{"line":40,"column":33}},"21":{"start":{"line":44,"column":22},"end":{"line":44,"column":38}},"22":{"start":{"line":45,"column":8},"end":{"line":45,"column":31}},"23":{"start":{"line":49,"column":8},"end":{"line":49,"column":39}},"24":{"start":{"line":50,"column":8},"end":{"line":50,"column":72}},"25":{"start":{"line":50,"column":59},"end":{"line":50,"column":72}},"26":{"start":{"line":51,"column":8},"end":{"line":51,"column":20}},"27":{"start":{"line":55,"column":8},"end":{"line":55,"column":44}},"28":{"start":{"line":56,"column":8},"end":{"line":56,"column":74}},"29":{"start":{"line":56,"column":61},"end":{"line":56,"column":74}},"30":{"start":{"line":58,"column":8},"end":{"line":58,"column":20}},"31":{"start":{"line":62,"column":0},"end":{"line":62,"column":21}}},"fnMap":{"0":{"name":"(anonymous_0)","decl":{"start":{"line":2,"column":4},"end":{"line":2,"column":5}},"loc":{"start":{"line":2,"column":71},"end":{"line":10,"column":5}},"line":2},"1":{"name":"(anonymous_1)","decl":{"start":{"line":12,"column":4},"end":{"line":12,"column":5}},"loc":{"start":{"line":12,"column":15},"end":{"line":36,"column":5}},"line":12},"2":{"name":"(anonymous_2)","decl":{"start":{"line":38,"column":4},"end":{"line":38,"column":5}},"loc":{"start":{"line":38,"column":25},"end":{"line":41,"column":5}},"line":38},"3":{"name":"(anonymous_3)","decl":{"start":{"line":43,"column":4},"end":{"line":43,"column":5}},"loc":{"start":{"line":43,"column":21},"end":{"line":46,"column":5}},"line":43},"4":{"name":"(anonymous_4)","decl":{"start":{"line":48,"column":4},"end":{"line":48,"column":5}},"loc":{"start":{"line":48,"column":21},"end":{"line":52,"column":5}},"line":48},"5":{"name":"(anonymous_5)","decl":{"start":{"line":54,"column":4},"end":{"line":54,"column":5}},"loc":{"start":{"line":54,"column":23},"end":{"line":59,"column":5}},"line":54}},"branchMap":{"0":{"loc":{"start":{"line":13,"column":8},"end":{"line":15,"column":9}},"type":"if","locations":[{"start":{"line":13,"column":8},"end":{"line":15,"column":9}},{"start":{},"end":{}}],"line":13},"1":{"loc":{"start":{"line":13,"column":12},"end":{"line":13,"column":111}},"type":"binary-expr","locations":[{"start":{"line":13,"column":12},"end":{"line":13,"column":26}},{"start":{"line":13,"column":30},"end":{"line":13,"column":40}},{"start":{"line":13,"column":44},"end":{"line":13,"column":55}},{"start":{"line":13,"column":59},"end":{"line":13,"column":73}},{"start":{"line":13,"column":77},"end":{"line":13,"column":98}},{"start":{"line":13,"column":102},"end":{"line":13,"column":111}}],"line":13},"2":{"loc":{"start":{"line":17,"column":8},"end":{"line":19,"column":9}},"type":"if","locations":[{"start":{"line":17,"column":8},"end":{"line":19,"column":9}},{"start":{},"end":{}}],"line":17},"3":{"loc":{"start":{"line":21,"column":8},"end":{"line":23,"column":9}},"type":"if","locations":[{"start":{"line":21,"column":8},"end":{"line":23,"column":9}},{"start":{},"end":{}}],"line":21},"4":{"loc":{"start":{"line":25,"column":8},"end":{"line":27,"column":9}},"type":"if","locations":[{"start":{"line":25,"column":8},"end":{"line":27,"column":9}},{"start":{},"end":{}}],"line":25},"5":{"loc":{"start":{"line":25,"column":12},"end":{"line":25,"column":81}},"type":"binary-expr","locations":[{"start":{"line":25,"column":12},"end":{"line":25,"column":44}},{"start":{"line":25,"column":48},"end":{"line":25,"column":81}}],"line":25},"6":{"loc":{"start":{"line":29,"column":8},"end":{"line":31,"column":9}},"type":"if","locations":[{"start":{"line":29,"column":8},"end":{"line":31,"column":9}},{"start":{},"end":{}}],"line":29},"7":{"loc":{"start":{"line":33,"column":8},"end":{"line":35,"column":9}},"type":"if","locations":[{"start":{"line":33,"column":8},"end":{"line":35,"column":9}},{"start":{},"end":{}}],"line":33},"8":{"loc":{"start":{"line":50,"column":8},"end":{"line":50,"column":72}},"type":"if","locations":[{"start":{"line":50,"column":8},"end":{"line":50,"column":72}},{"start":{},"end":{}}],"line":50},"9":{"loc":{"start":{"line":50,"column":12},"end":{"line":50,"column":57}},"type":"binary-expr","locations":[{"start":{"line":50,"column":12},"end":{"line":50,"column":29}},{"start":{"line":50,"column":33},"end":{"line":50,"column":57}}],"line":50},"10":{"loc":{"start":{"line":56,"column":8},"end":{"line":56,"column":74}},"type":"if","locations":[{"start":{"line":56,"column":8},"end":{"line":56,"column":74}},{"start":{},"end":{}}],"line":56},"11":{"loc":{"start":{"line":56,"column":12},"end":{"line":56,"column":59}},"type":"binary-expr","locations":[{"start":{"line":56,"column":12},"end":{"line":56,"column":30}},{"start":{"line":56,"column":34},"end":{"line":56,"column":59}}],"line":56}},"s":{"0":14,"1":14,"2":14,"3":14,"4":14,"5":14,"6":14,"7":14,"8":6,"9":8,"10":1,"11":7,"12":1,"13":6,"14":2,"15":4,"16":1,"17":3,"18":1,"19":8,"20":8,"21":7,"22":7,"23":6,"24":6,"25":3,"26":3,"27":3,"28":3,"29":2,"30":1,"31":1},"f":{"0":14,"1":14,"2":8,"3":7,"4":6,"5":3},"b":{"0":[6,8],"1":[14,13,12,11,9,9],"2":[1,7],"3":[1,6],"4":[2,4],"5":[6,3],"6":[1,3],"7":[1,2],"8":[3,3],"9":[6,3],"10":[2,1],"11":[3,1]},"_coverageSchema":"1a1c01bbd47fc00a2c39e90264f33305004495a9","hash":"252321abce8ba5659947c9b915c6b590ffadf0fc"}
}
