TN:
SF:classes\Usuario.js
FN:2,(anonymous_0)
FN:12,(anonymous_1)
FN:38,(anonymous_2)
FN:43,(anonymous_3)
FN:48,(anonymous_4)
FN:54,(anonymous_5)
FNF:6
FNH:6
FNDA:14,(anonymous_0)
FNDA:14,(anonymous_1)
FNDA:8,(anonymous_2)
FNDA:7,(anonymous_3)
FNDA:6,(anonymous_4)
FNDA:3,(anonymous_5)
DA:3,14
DA:4,14
DA:5,14
DA:6,14
DA:7,14
DA:8,14
DA:9,14
DA:13,14
DA:14,6
DA:17,8
DA:18,1
DA:21,7
DA:22,1
DA:25,6
DA:26,2
DA:29,4
DA:30,1
DA:33,3
DA:34,1
DA:39,8
DA:40,8
DA:44,7
DA:45,7
DA:49,6
DA:50,6
DA:51,3
DA:55,3
DA:56,3
DA:58,1
DA:62,1
LF:30
LH:30
BRDA:13,0,0,6
BRDA:13,0,1,8
BRDA:13,1,0,14
BRDA:13,1,1,13
BRDA:13,1,2,12
BRDA:13,1,3,11
BRDA:13,1,4,9
BRDA:13,1,5,9
BRDA:17,2,0,1
BRDA:17,2,1,7
BRDA:21,3,0,1
BRDA:21,3,1,6
BRDA:25,4,0,2
BRDA:25,4,1,4
BRDA:25,5,0,6
BRDA:25,5,1,3
BRDA:29,6,0,1
BRDA:29,6,1,3
BRDA:33,7,0,1
BRDA:33,7,1,2
BRDA:50,8,0,3
BRDA:50,8,1,3
BRDA:50,9,0,6
BRDA:50,9,1,3
BRDA:56,10,0,2
BRDA:56,10,1,1
BRDA:56,11,0,3
BRDA:56,11,1,1
BRF:28
BRH:28
end_of_record
