{"C:\\Users\\fernando_ecker\\aulas-2025-1\\jest\\usuario_service_jest\\controllers\\UsuarioController.js": {"path":"C:\\Users\\fernando_ecker\\aulas-2025-1\\jest\\usuario_service_jest\\controllers\\UsuarioController.js","statementMap":{"0":{"start":{"line":1,"column":26},"end":{"line":1,"column":70}},"1":{"start":{"line":6,"column":8},"end":{"line":6,"column":44}},"2":{"start":{"line":10,"column":4},"end":{"line":15,"column":5}},"3":{"start":{"line":11,"column":23},"end":{"line":11,"column":59}},"4":{"start":{"line":12,"column":6},"end":{"line":12,"column":22}},"5":{"start":{"line":14,"column":6},"end":{"line":14,"column":60}},"6":{"start":{"line":20,"column":46},"end":{"line":20,"column":54}},"7":{"start":{"line":22,"column":4},"end":{"line":32,"column":5}},"8":{"start":{"line":23,"column":22},"end":{"line":28,"column":8}},"9":{"start":{"line":29,"column":6},"end":{"line":29,"column":44}},"10":{"start":{"line":31,"column":6},"end":{"line":31,"column":69}},"11":{"start":{"line":36,"column":0},"end":{"line":36,"column":35}}},"fnMap":{"0":{"name":"(anonymous_0)","decl":{"start":{"line":5,"column":4},"end":{"line":5,"column":5}},"loc":{"start":{"line":5,"column":27},"end":{"line":7,"column":5}},"line":5},"1":{"name":"(anonymous_1)","decl":{"start":{"line":9,"column":2},"end":{"line":9,"column":3}},"loc":{"start":{"line":9,"column":16},"end":{"line":16,"column":3}},"line":9},"2":{"name":"(anonymous_2)","decl":{"start":{"line":19,"column":2},"end":{"line":19,"column":3}},"loc":{"start":{"line":19,"column":21},"end":{"line":33,"column":3}},"line":19}},"branchMap":{},"s":{"0":1,"1":2,"2":0,"3":0,"4":0,"5":0,"6":2,"7":2,"8":2,"9":1,"10":1,"11":1},"f":{"0":2,"1":0,"2":2},"b":{},"_coverageSchema":"1a1c01bbd47fc00a2c39e90264f33305004495a9","hash":"653c809d625c7e3b27955773fd685f5a8bad9a49"}
,"C:\\Users\\fernando_ecker\\aulas-2025-1\\jest\\usuario_service_jest\\models\\Usuario.js": {"path":"C:\\Users\\fernando_ecker\\aulas-2025-1\\jest\\usuario_service_jest\\models\\Usuario.js","statementMap":{"0":{"start":{"line":3,"column":8},"end":{"line":3,"column":25}},"1":{"start":{"line":4,"column":8},"end":{"line":4,"column":27}},"2":{"start":{"line":5,"column":8},"end":{"line":5,"column":27}},"3":{"start":{"line":6,"column":8},"end":{"line":6,"column":35}},"4":{"start":{"line":10,"column":0},"end":{"line":10,"column":25}}},"fnMap":{"0":{"name":"(anonymous_0)","decl":{"start":{"line":2,"column":4},"end":{"line":2,"column":5}},"loc":{"start":{"line":2,"column":47},"end":{"line":7,"column":5}},"line":2}},"branchMap":{},"s":{"0":0,"1":0,"2":0,"3":0,"4":1},"f":{"0":0},"b":{},"_coverageSchema":"1a1c01bbd47fc00a2c39e90264f33305004495a9","hash":"7f3bed8182dbc52d768e9b6bbbb9dc68c814d58c"}
,"C:\\Users\\fernando_ecker\\aulas-2025-1\\jest\\usuario_service_jest\\repositories\\UsuarioRepository.js": {"path":"C:\\Users\\fernando_ecker\\aulas-2025-1\\jest\\usuario_service_jest\\repositories\\UsuarioRepository.js","statementMap":{"0":{"start":{"line":1,"column":16},"end":{"line":1,"column":44}},"1":{"start":{"line":4,"column":17},"end":{"line":4,"column":19}},"2":{"start":{"line":9,"column":24},"end":{"line":9,"column":86}},"3":{"start":{"line":10,"column":8},"end":{"line":16,"column":9}},"4":{"start":{"line":10,"column":34},"end":{"line":10,"column":53}},"5":{"start":{"line":11,"column":12},"end":{"line":11,"column":37}},"6":{"start":{"line":12,"column":12},"end":{"line":12,"column":52}},"7":{"start":{"line":13,"column":12},"end":{"line":13,"column":27}},"8":{"start":{"line":15,"column":12},"end":{"line":15,"column":45}},"9":{"start":{"line":21,"column":8},"end":{"line":21,"column":43}},"10":{"start":{"line":22,"column":8},"end":{"line":22,"column":26}},"11":{"start":{"line":26,"column":0},"end":{"line":26,"column":35}}},"fnMap":{"0":{"name":"(anonymous_0)","decl":{"start":{"line":8,"column":4},"end":{"line":8,"column":5}},"loc":{"start":{"line":8,"column":24},"end":{"line":17,"column":5}},"line":8},"1":{"name":"(anonymous_1)","decl":{"start":{"line":10,"column":29},"end":{"line":10,"column":30}},"loc":{"start":{"line":10,"column":34},"end":{"line":10,"column":53}},"line":10},"2":{"name":"(anonymous_2)","decl":{"start":{"line":20,"column":4},"end":{"line":20,"column":5}},"loc":{"start":{"line":20,"column":24},"end":{"line":23,"column":5}},"line":20}},"branchMap":{"0":{"loc":{"start":{"line":10,"column":8},"end":{"line":16,"column":9}},"type":"if","locations":[{"start":{"line":10,"column":8},"end":{"line":16,"column":9}},{"start":{"line":14,"column":13},"end":{"line":16,"column":9}}],"line":10}},"s":{"0":1,"1":1,"2":0,"3":0,"4":0,"5":0,"6":0,"7":0,"8":0,"9":0,"10":0,"11":1},"f":{"0":0,"1":0,"2":0},"b":{"0":[0,0]},"_coverageSchema":"1a1c01bbd47fc00a2c39e90264f33305004495a9","hash":"5ae01febb47d28f4e9fcaefc10aed1a819ed3ae7"}
}
