TN:
SF:controllers\UsuarioController.js
FN:5,(anonymous_0)
FN:9,(anonymous_1)
FN:19,(anonymous_2)
FNF:3
FNH:2
FNDA:2,(anonymous_0)
FNDA:0,(anonymous_1)
FNDA:2,(anonymous_2)
DA:1,1
DA:6,2
DA:10,0
DA:11,0
DA:12,0
DA:14,0
DA:20,2
DA:22,2
DA:23,2
DA:29,1
DA:31,1
DA:36,1
LF:12
LH:8
BRF:0
BRH:0
end_of_record
TN:
SF:models\Usuario.js
FN:2,(anonymous_0)
FNF:1
FNH:0
FNDA:0,(anonymous_0)
DA:3,0
DA:4,0
DA:5,0
DA:6,0
DA:10,1
LF:5
LH:1
BRF:0
BRH:0
end_of_record
TN:
SF:repositories\UsuarioRepository.js
FN:8,(anonymous_0)
FN:10,(anonymous_1)
FN:20,(anonymous_2)
FNF:3
FNH:0
FNDA:0,(anonymous_0)
FNDA:0,(anonymous_1)
FNDA:0,(anonymous_2)
DA:1,1
DA:4,1
DA:9,0
DA:10,0
DA:11,0
DA:12,0
DA:13,0
DA:15,0
DA:21,0
DA:22,0
DA:26,1
LF:11
LH:3
BRDA:10,0,0,0
BRDA:10,0,1,0
BRF:2
BRH:0
end_of_record
