{"C:\\Users\\fernando_ecker\\aulas-2025-1\\jest\\geometria_jest\\classes\\GeometriaService.js": {"path":"C:\\Users\\fernando_ecker\\aulas-2025-1\\jest\\geometria_jest\\classes\\GeometriaService.js","statementMap":{"0":{"start":{"line":4,"column":8},"end":{"line":4,"column":35}},"1":{"start":{"line":9,"column":8},"end":{"line":9,"column":27}},"2":{"start":{"line":14,"column":8},"end":{"line":14,"column":29}},"3":{"start":{"line":19,"column":8},"end":{"line":19,"column":43}},"4":{"start":{"line":24,"column":8},"end":{"line":24,"column":53}},"5":{"start":{"line":29,"column":8},"end":{"line":29,"column":33}},"6":{"start":{"line":34,"column":8},"end":{"line":34,"column":52}},"7":{"start":{"line":38,"column":0},"end":{"line":38,"column":34}}},"fnMap":{"0":{"name":"(anonymous_0)","decl":{"start":{"line":3,"column":4},"end":{"line":3,"column":5}},"loc":{"start":{"line":3,"column":32},"end":{"line":5,"column":5}},"line":3},"1":{"name":"(anonymous_1)","decl":{"start":{"line":8,"column":4},"end":{"line":8,"column":5}},"loc":{"start":{"line":8,"column":23},"end":{"line":10,"column":5}},"line":8},"2":{"name":"(anonymous_2)","decl":{"start":{"line":13,"column":4},"end":{"line":13,"column":5}},"loc":{"start":{"line":13,"column":32},"end":{"line":15,"column":5}},"line":13},"3":{"name":"(anonymous_3)","decl":{"start":{"line":18,"column":4},"end":{"line":18,"column":5}},"loc":{"start":{"line":18,"column":29},"end":{"line":20,"column":5}},"line":18},"4":{"name":"(anonymous_4)","decl":{"start":{"line":23,"column":4},"end":{"line":23,"column":5}},"loc":{"start":{"line":23,"column":23},"end":{"line":25,"column":5}},"line":23},"5":{"name":"(anonymous_5)","decl":{"start":{"line":28,"column":4},"end":{"line":28,"column":5}},"loc":{"start":{"line":28,"column":21},"end":{"line":30,"column":5}},"line":28},"6":{"name":"(anonymous_6)","decl":{"start":{"line":33,"column":4},"end":{"line":33,"column":5}},"loc":{"start":{"line":33,"column":33},"end":{"line":35,"column":5}},"line":33}},"branchMap":{},"s":{"0":1,"1":1,"2":1,"3":1,"4":1,"5":1,"6":1,"7":1},"f":{"0":1,"1":1,"2":1,"3":1,"4":1,"5":1,"6":1},"b":{},"_coverageSchema":"1a1c01bbd47fc00a2c39e90264f33305004495a9","hash":"4de68d89dbd09455b813e7e5bc0350b963830787"}
}
